<?xml version="1.0" encoding="UTF-8"?>
<coverage generated="1707934145496" clover="3.2.0">
  <project timestamp="1707934145496" name="All files">
    <metrics statements="22" coveredstatements="20" conditionals="7" coveredconditionals="6" methods="5" coveredmethods="5" elements="34" coveredelements="31" complexity="0" loc="22" ncloc="22" packages="2" files="2" classes="2"/>
    <package name="data">
      <metrics statements="15" coveredstatements="13" conditionals="7" coveredconditionals="6" methods="2" coveredmethods="2"/>
      <file name="loadData.ts" path="D:\apprentissage\NX-academy\simple_graphQL\src\data\loadData.ts">
        <metrics statements="15" coveredstatements="13" conditionals="7" coveredconditionals="6" methods="2" coveredmethods="2"/>
        <line num="2" count="1" type="cond" truecount="3" falsecount="0"/>
        <line num="3" count="1" type="cond" truecount="3" falsecount="1"/>
        <line num="5" count="1" type="stmt"/>
        <line num="6" count="1" type="stmt"/>
        <line num="7" count="1" type="stmt"/>
        <line num="8" count="1" type="stmt"/>
        <line num="9" count="1" type="stmt"/>
        <line num="10" count="1" type="stmt"/>
        <line num="11" count="1" type="stmt"/>
        <line num="12" count="1" type="stmt"/>
        <line num="13" count="1" type="stmt"/>
        <line num="14" count="1" type="stmt"/>
        <line num="17" count="0" type="stmt"/>
        <line num="18" count="0" type="stmt"/>
        <line num="21" count="1" type="stmt"/>
      </file>
    </package>
    <package name="resolvers">
      <metrics statements="7" coveredstatements="7" conditionals="0" coveredconditionals="0" methods="3" coveredmethods="3"/>
      <file name="resolvers.ts" path="D:\apprentissage\NX-academy\simple_graphQL\src\resolvers\resolvers.ts">
        <metrics statements="7" coveredstatements="7" conditionals="0" coveredconditionals="0" methods="3" coveredmethods="3"/>
        <line num="2" count="1" type="stmt"/>
        <line num="3" count="1" type="stmt"/>
        <line num="4" count="1" type="stmt"/>
        <line num="5" count="1" type="stmt"/>
        <line num="7" count="1" type="stmt"/>
        <line num="9" count="1" type="stmt"/>
        <line num="23" count="1" type="stmt"/>
      </file>
    </package>
  </project>
</coverage>
