{"D:\\apprentissage\\NX-academy\\simple_graphQL\\src\\resolvers\\resolvers.ts": {"path":"D:\\apprentissage\\NX-academy\\simple_graphQL\\src\\resolvers\\resolvers.ts","statementMap":{"0":{"start":{"line":2,"column":0},"end":{"line":2,"column":62}},"1":{"start":{"line":3,"column":14},"end":{"line":11,"column":1}},"2":{"start":{"line":12,"column":18},"end":{"line":19,"column":1}},"3":{"start":{"line":14,"column":21},"end":{"line":14,"column":36}},"4":{"start":{"line":15,"column":20},"end":{"line":15,"column":27}},"5":{"start":{"line":16,"column":21},"end":{"line":16,"column":26}},"6":{"start":{"line":17,"column":32},"end":{"line":17,"column":81}},"7":{"start":{"line":17,"column":53},"end":{"line":17,"column":80}},"8":{"start":{"line":20,"column":0},"end":{"line":20,"column":28}}},"fnMap":{"0":{"name":"(anonymous_0)","decl":{"start":{"line":14,"column":15},"end":{"line":14,"column":16}},"loc":{"start":{"line":14,"column":21},"end":{"line":14,"column":36}},"line":14},"1":{"name":"(anonymous_1)","decl":{"start":{"line":15,"column":14},"end":{"line":15,"column":15}},"loc":{"start":{"line":15,"column":20},"end":{"line":15,"column":27}},"line":15},"2":{"name":"(anonymous_2)","decl":{"start":{"line":16,"column":15},"end":{"line":16,"column":16}},"loc":{"start":{"line":16,"column":21},"end":{"line":16,"column":26}},"line":16},"3":{"name":"(anonymous_3)","decl":{"start":{"line":17,"column":14},"end":{"line":17,"column":15}},"loc":{"start":{"line":17,"column":32},"end":{"line":17,"column":81}},"line":17},"4":{"name":"(anonymous_4)","decl":{"start":{"line":17,"column":43},"end":{"line":17,"column":44}},"loc":{"start":{"line":17,"column":53},"end":{"line":17,"column":80}},"line":17}},"branchMap":{},"s":{"0":1,"1":1,"2":1,"3":0,"4":0,"5":0,"6":1,"7":1,"8":1},"f":{"0":0,"1":0,"2":0,"3":1,"4":1},"b":{},"_coverageSchema":"1a1c01bbd47fc00a2c39e90264f33305004495a9","hash":"72c3a08ca583eb8645bec23904c12f68c9f1dba1"}
}
